Chronologic VCS simulator copyright 1991-2017
Contains Synopsys proprietary information.
Compiler version N-2017.12-SP2-2_Full64; Runtime version N-2017.12-SP2-2_Full64;  May  2 13:40 2019
VCD+ Writer N-2017.12-SP2-2_Full64 Copyright (c) 1991-2017 by Synopsys Inc.

		   Exhaustive case:
                   0 C6 = x  SUM =  x

		   Display first and last twelve vectors with carry off.
                   3 C6 = x  SUM =  X
                   5 C6 = x  SUM =  X
                   6 C6 = 0  SUM =  X
                   7 C6 = 0  SUM =  X

                   8 A =  0  B =  1  C0 = 0
                   9 C6 = 0  SUM =  0
                  12 C6 = 0  SUM =  1
                  14 C6 = 0  SUM =  1

                  15 A =  0  B =  2  C0 = 0
                  19 C6 = 0  SUM =  2
                  21 C6 = 0  SUM =  2

                  22 A =  0  B =  3  C0 = 0
                  26 C6 = 0  SUM =  3
                  28 C6 = 0  SUM =  3

                  29 A =  0  B =  4  C0 = 0
                  33 C6 = 0  SUM =  0
                  35 C6 = 0  SUM =  4

                  36 A =  0  B =  5  C0 = 0
                  40 C6 = 0  SUM =  5
                  42 C6 = 0  SUM =  5

                  43 A =  0  B =  6  C0 = 0
                  47 C6 = 0  SUM =  6
                  49 C6 = 0  SUM =  6

                  50 A =  0  B =  7  C0 = 0
                  54 C6 = 0  SUM =  7
                 403 C6 = 0  SUM =  0

                 404 A =  1  B =  1  C0 = 0
                 407 C6 = 0  SUM =  2
                 410 C6 = 0  SUM =  2

                 411 A =  1  B =  2  C0 = 0
                 415 C6 = 0  SUM =  3
                 417 C6 = 0  SUM =  3

                 418 A =  1  B =  3  C0 = 0
                 421 C6 = 0  SUM =  1
                 422 C6 = 0  SUM =  0
                 423 C6 = 0  SUM =  4
                 424 C6 = 0  SUM =  4

                 425 A =  1  B =  4  C0 = 0
                 428 C6 = 0  SUM =  0
                 429 C6 = 0  SUM =  1
                 431 C6 = 0  SUM =  5

                 432 A =  1  B =  5  C0 = 0
                 435 C6 = 0  SUM =  7
                 436 C6 = 0  SUM =  6
                 438 C6 = 0  SUM =  6

                 439 A =  1  B =  6  C0 = 0
                 443 C6 = 0  SUM =  7
                 445 C6 = 0  SUM =  7

                 446 A =  1  B =  7  C0 = 0
                 449 C6 = 0  SUM =  5
                 450 C6 = 0  SUM =  4
                 451 C6 = 0  SUM =  8
                 799 C6 = 0  SUM =  3

                 800 A =  2  B =  1  C0 = 0
                 806 C6 = 0  SUM =  3

                 807 A =  2  B =  2  C0 = 0
                 810 C6 = 0  SUM =  7
                 811 C6 = 0  SUM =  4
                 813 C6 = 0  SUM =  4

                 814 A =  2  B =  3  C0 = 0
                 818 C6 = 0  SUM =  5
                 820 C6 = 0  SUM =  5

                 821 A =  2  B =  4  C0 = 0
                 824 C6 = 0  SUM =  1
                 825 C6 = 0  SUM =  2
                 827 C6 = 0  SUM =  6

                 828 A =  2  B =  5  C0 = 0
                 832 C6 = 0  SUM =  7
                 834 C6 = 0  SUM =  7

                 835 A =  2  B =  6  C0 = 0
                 838 C6 = 0  SUM = 11
                 839 C6 = 0  SUM =  8
                 841 C6 = 0  SUM =  8

                 842 A =  2  B =  7  C0 = 0
                 846 C6 = 0  SUM =  9
                1195 C6 = 0  SUM =  2

                1196 A =  3  B =  1  C0 = 0
                1199 C6 = 0  SUM =  0
                1201 C6 = 0  SUM =  4
                1202 C6 = 0  SUM =  4

                1203 A =  3  B =  2  C0 = 0
                1207 C6 = 0  SUM =  5
                1209 C6 = 0  SUM =  5

                1210 A =  3  B =  3  C0 = 0
                1213 C6 = 0  SUM =  7
                1214 C6 = 0  SUM =  6
                1216 C6 = 0  SUM =  6

                1217 A =  3  B =  4  C0 = 0
                1221 C6 = 0  SUM =  7
                1223 C6 = 0  SUM =  7

                1224 A =  3  B =  5  C0 = 0
                1227 C6 = 0  SUM =  5
                1228 C6 = 0  SUM =  4
                1229 C6 = 0  SUM =  8
                1230 C6 = 0  SUM =  8

                1231 A =  3  B =  6  C0 = 0
                1235 C6 = 0  SUM =  9
                1237 C6 = 0  SUM =  9

                1238 A =  3  B =  7  C0 = 0
                1241 C6 = 0  SUM = 11
                1242 C6 = 0  SUM = 10
                1591 C6 = 0  SUM =  1

                1592 A =  4  B =  1  C0 = 0
                1593 C6 = 0  SUM =  5
                1598 C6 = 0  SUM =  5

                1599 A =  4  B =  2  C0 = 0
                1603 C6 = 0  SUM =  6
                1605 C6 = 0  SUM =  6

                1606 A =  4  B =  3  C0 = 0
                1610 C6 = 0  SUM =  7
                1612 C6 = 0  SUM =  7

                1613 A =  4  B =  4  C0 = 0
                1617 C6 = 0  SUM =  4
                1618 C6 = 0  SUM = 12
                1619 C6 = 0  SUM =  8

                1620 A =  4  B =  5  C0 = 0
                1624 C6 = 0  SUM =  9
                1626 C6 = 0  SUM =  9

                1627 A =  4  B =  6  C0 = 0
                1631 C6 = 0  SUM = 10
                1633 C6 = 0  SUM = 10

                1634 A =  4  B =  7  C0 = 0
                1638 C6 = 0  SUM = 11
                1987 C6 = 0  SUM =  4

                1988 A =  5  B =  1  C0 = 0
                1991 C6 = 0  SUM =  6
                1994 C6 = 0  SUM =  6

                1995 A =  5  B =  2  C0 = 0
                1999 C6 = 0  SUM =  7
                2001 C6 = 0  SUM =  7

                2002 A =  5  B =  3  C0 = 0
                2005 C6 = 0  SUM =  5
                2006 C6 = 0  SUM =  4
                2007 C6 = 0  SUM =  8
                2008 C6 = 0  SUM =  8

                2009 A =  5  B =  4  C0 = 0
                2012 C6 = 0  SUM =  4
                2013 C6 = 0  SUM =  5
                2014 C6 = 0  SUM = 13
                2015 C6 = 0  SUM =  9

                2016 A =  5  B =  5  C0 = 0
                2019 C6 = 0  SUM = 11
                2020 C6 = 0  SUM = 10
                2022 C6 = 0  SUM = 10

                2023 A =  5  B =  6  C0 = 0
                2027 C6 = 0  SUM = 11
                2029 C6 = 0  SUM = 11

                2030 A =  5  B =  7  C0 = 0
                2033 C6 = 0  SUM =  9
                2034 C6 = 0  SUM =  8
                2035 C6 = 0  SUM = 12
                2383 C6 = 0  SUM =  7

                2384 A =  6  B =  1  C0 = 0
                2390 C6 = 0  SUM =  7

                2391 A =  6  B =  2  C0 = 0
                2394 C6 = 0  SUM = 11
                2395 C6 = 0  SUM =  8
                2397 C6 = 0  SUM =  8

                2398 A =  6  B =  3  C0 = 0
                2402 C6 = 0  SUM =  9
                2404 C6 = 0  SUM =  9

                2405 A =  6  B =  4  C0 = 0
                2408 C6 = 0  SUM =  5
                2409 C6 = 0  SUM =  6
                2410 C6 = 0  SUM = 14
                2411 C6 = 0  SUM = 10

                2412 A =  6  B =  5  C0 = 0
                2416 C6 = 0  SUM = 11
                2418 C6 = 0  SUM = 11

                2419 A =  6  B =  6  C0 = 0
                2422 C6 = 0  SUM = 15
                2423 C6 = 0  SUM = 12
                2425 C6 = 0  SUM = 12

                2426 A =  6  B =  7  C0 = 0
                2430 C6 = 0  SUM = 13
               22966 C6 = 1  SUM = 52

               22970 A = 58  B = 59  C0 = 0
               22971 C6 = 1  SUM = 53
               22976 C6 = 1  SUM = 53

               22980 A = 58  B = 60  C0 = 0
               22980 C6 = 1  SUM = 49
               22981 C6 = 1  SUM = 50
               22983 C6 = 1  SUM = 54
               22986 C6 = 1  SUM = 54

               22990 A = 58  B = 61  C0 = 0
               22991 C6 = 1  SUM = 55
               22996 C6 = 1  SUM = 55

               23000 A = 58  B = 62  C0 = 0
               23000 C6 = 1  SUM = 59
               23001 C6 = 1  SUM = 56
               23006 C6 = 1  SUM = 56

               23010 A = 58  B = 63  C0 = 0
               23011 C6 = 1  SUM = 57
               23016 C6 = 1  SUM = 57

               23020 A = 58  B =  0  C0 = 0
               23020 C6 = 1  SUM = 53
               23021 C6 = 0  SUM = 54
               23023 C6 = 0  SUM = 58
               23379 C6 = 1  SUM = 53

               23383 A = 59  B = 59  C0 = 0
               23383 C6 = 1  SUM = 55
               23384 C6 = 1  SUM = 54
               23389 C6 = 1  SUM = 54

               23393 A = 59  B = 60  C0 = 0
               23394 C6 = 1  SUM = 55
               23399 C6 = 1  SUM = 55

               23403 A = 59  B = 61  C0 = 0
               23403 C6 = 1  SUM = 53
               23404 C6 = 1  SUM = 52
               23405 C6 = 1  SUM = 56
               23409 C6 = 1  SUM = 56

               23413 A = 59  B = 62  C0 = 0
               23414 C6 = 1  SUM = 57
               23419 C6 = 1  SUM = 57

               23423 A = 59  B = 63  C0 = 0
               23423 C6 = 1  SUM = 59
               23424 C6 = 1  SUM = 58
               23429 C6 = 1  SUM = 58

               23433 A = 59  B =  0  C0 = 0
               23434 C6 = 1  SUM = 59
               23437 C6 = 0  SUM = 59
               23792 C6 = 1  SUM = 54

               23796 A = 60  B = 59  C0 = 0
               23797 C6 = 1  SUM = 55
               23802 C6 = 1  SUM = 55

               23806 A = 60  B = 60  C0 = 0
               23807 C6 = 1  SUM = 52
               23808 C6 = 1  SUM = 60
               23809 C6 = 1  SUM = 56
               23812 C6 = 1  SUM = 56

               23816 A = 60  B = 61  C0 = 0
               23817 C6 = 1  SUM = 57
               23822 C6 = 1  SUM = 57

               23826 A = 60  B = 62  C0 = 0
               23827 C6 = 1  SUM = 58
               23832 C6 = 1  SUM = 58

               23836 A = 60  B = 63  C0 = 0
               23837 C6 = 1  SUM = 59
               23842 C6 = 1  SUM = 59

               23846 A = 60  B =  0  C0 = 0
               23847 C6 = 1  SUM = 56
               23849 C6 = 1  SUM = 60
               23850 C6 = 0  SUM = 60
               24205 C6 = 1  SUM = 55

               24209 A = 61  B = 59  C0 = 0
               24209 C6 = 1  SUM = 53
               24210 C6 = 1  SUM = 52
               24211 C6 = 1  SUM = 56
               24215 C6 = 1  SUM = 56

               24219 A = 61  B = 60  C0 = 0
               24219 C6 = 1  SUM = 52
               24220 C6 = 1  SUM = 53
               24221 C6 = 1  SUM = 61
               24222 C6 = 1  SUM = 57
               24225 C6 = 1  SUM = 57

               24229 A = 61  B = 61  C0 = 0
               24229 C6 = 1  SUM = 59
               24230 C6 = 1  SUM = 58
               24235 C6 = 1  SUM = 58

               24239 A = 61  B = 62  C0 = 0
               24240 C6 = 1  SUM = 59
               24245 C6 = 1  SUM = 59

               24249 A = 61  B = 63  C0 = 0
               24249 C6 = 1  SUM = 57
               24250 C6 = 1  SUM = 56
               24251 C6 = 1  SUM = 60
               24255 C6 = 1  SUM = 60

               24259 A = 61  B =  0  C0 = 0
               24259 C6 = 1  SUM = 56
               24260 C6 = 1  SUM = 57
               24262 C6 = 1  SUM = 61
               24263 C6 = 0  SUM = 61
               24618 C6 = 1  SUM = 56

               24622 A = 62  B = 59  C0 = 0
               24623 C6 = 1  SUM = 57
               24628 C6 = 1  SUM = 57

               24632 A = 62  B = 60  C0 = 0
               24632 C6 = 1  SUM = 53
               24633 C6 = 1  SUM = 54
               24634 C6 = 1  SUM = 62
               24635 C6 = 1  SUM = 58
               24638 C6 = 1  SUM = 58

               24642 A = 62  B = 61  C0 = 0
               24643 C6 = 1  SUM = 59
               24648 C6 = 1  SUM = 59

               24652 A = 62  B = 62  C0 = 0
               24652 C6 = 1  SUM = 63
               24653 C6 = 1  SUM = 60
               24658 C6 = 1  SUM = 60

               24662 A = 62  B = 63  C0 = 0
               24663 C6 = 1  SUM = 61
               24668 C6 = 1  SUM = 61

               24672 A = 62  B =  0  C0 = 0
               24672 C6 = 1  SUM = 57
               24673 C6 = 1  SUM = 58
               24675 C6 = 1  SUM = 62
               24676 C6 = 0  SUM = 62
               25031 C6 = 1  SUM = 57

               25035 A = 63  B = 59  C0 = 0
               25035 C6 = 1  SUM = 59
               25036 C6 = 1  SUM = 58
               25041 C6 = 1  SUM = 58

               25045 A = 63  B = 60  C0 = 0
               25046 C6 = 1  SUM = 59
               25051 C6 = 1  SUM = 59

               25055 A = 63  B = 61  C0 = 0
               25055 C6 = 1  SUM = 57
               25056 C6 = 1  SUM = 56
               25057 C6 = 1  SUM = 60
               25061 C6 = 1  SUM = 60

               25065 A = 63  B = 62  C0 = 0
               25066 C6 = 1  SUM = 61
               25071 C6 = 1  SUM = 61

               25075 A = 63  B = 63  C0 = 0
               25075 C6 = 1  SUM = 63
               25076 C6 = 1  SUM = 62
               25081 C6 = 1  SUM = 62

               25085 A = 63  B =  0  C0 = 0
               25086 C6 = 1  SUM = 63
               25089 C6 = 0  SUM = 63


		Display first and last twelve vectors with carry on:

               25096 C6 = 0  SUM = 61
               25097 C6 = 0  SUM = 61

               25098 A =  0  B =  1  C0 = 1
               25098 C6 = 0  SUM =  1
               25101 C6 = 0  SUM =  3
               25102 C6 = 0  SUM =  2
               25104 C6 = 0  SUM =  2

               25105 A =  0  B =  2  C0 = 1
               25109 C6 = 0  SUM =  3
               25111 C6 = 0  SUM =  3

               25112 A =  0  B =  3  C0 = 1
               25115 C6 = 0  SUM =  1
               25116 C6 = 0  SUM =  0
               25117 C6 = 0  SUM =  4
               25118 C6 = 0  SUM =  4

               25119 A =  0  B =  4  C0 = 1
               25122 C6 = 0  SUM =  0
               25123 C6 = 0  SUM =  1
               25125 C6 = 0  SUM =  5

               25126 A =  0  B =  5  C0 = 1
               25129 C6 = 0  SUM =  7
               25130 C6 = 0  SUM =  6
               25132 C6 = 0  SUM =  6

               25133 A =  0  B =  6  C0 = 1
               25137 C6 = 0  SUM =  7
               25139 C6 = 0  SUM =  7

               25140 A =  0  B =  7  C0 = 1
               25143 C6 = 0  SUM =  5
               25144 C6 = 0  SUM =  4
               25145 C6 = 0  SUM =  8
               25493 C6 = 0  SUM =  3

               25494 A =  1  B =  1  C0 = 1
               25500 C6 = 0  SUM =  3

               25501 A =  1  B =  2  C0 = 1
               25504 C6 = 0  SUM =  7
               25505 C6 = 0  SUM =  4
               25507 C6 = 0  SUM =  4

               25508 A =  1  B =  3  C0 = 1
               25512 C6 = 0  SUM =  5
               25514 C6 = 0  SUM =  5

               25515 A =  1  B =  4  C0 = 1
               25518 C6 = 0  SUM =  1
               25519 C6 = 0  SUM =  2
               25521 C6 = 0  SUM =  6

               25522 A =  1  B =  5  C0 = 1
               25526 C6 = 0  SUM =  7
               25528 C6 = 0  SUM =  7

               25529 A =  1  B =  6  C0 = 1
               25532 C6 = 0  SUM = 11
               25533 C6 = 0  SUM =  8
               25535 C6 = 0  SUM =  8

               25536 A =  1  B =  7  C0 = 1
               25540 C6 = 0  SUM =  9
               25889 C6 = 0  SUM =  2

               25890 A =  2  B =  1  C0 = 1
               25893 C6 = 0  SUM =  0
               25895 C6 = 0  SUM =  4
               25896 C6 = 0  SUM =  4

               25897 A =  2  B =  2  C0 = 1
               25901 C6 = 0  SUM =  5
               25903 C6 = 0  SUM =  5

               25904 A =  2  B =  3  C0 = 1
               25907 C6 = 0  SUM =  7
               25908 C6 = 0  SUM =  6
               25910 C6 = 0  SUM =  6

               25911 A =  2  B =  4  C0 = 1
               25915 C6 = 0  SUM =  7
               25917 C6 = 0  SUM =  7

               25918 A =  2  B =  5  C0 = 1
               25921 C6 = 0  SUM =  5
               25922 C6 = 0  SUM =  4
               25923 C6 = 0  SUM =  8
               25924 C6 = 0  SUM =  8

               25925 A =  2  B =  6  C0 = 1
               25929 C6 = 0  SUM =  9
               25931 C6 = 0  SUM =  9

               25932 A =  2  B =  7  C0 = 1
               25935 C6 = 0  SUM = 11
               25936 C6 = 0  SUM = 10
               26285 C6 = 0  SUM =  1

               26286 A =  3  B =  1  C0 = 1
               26286 C6 = 0  SUM =  5
               26292 C6 = 0  SUM =  5

               26293 A =  3  B =  2  C0 = 1
               26297 C6 = 0  SUM =  6
               26299 C6 = 0  SUM =  6

               26300 A =  3  B =  3  C0 = 1
               26304 C6 = 0  SUM =  7
               26306 C6 = 0  SUM =  7

               26307 A =  3  B =  4  C0 = 1
               26311 C6 = 0  SUM =  4
               26312 C6 = 0  SUM = 12
               26313 C6 = 0  SUM =  8

               26314 A =  3  B =  5  C0 = 1
               26318 C6 = 0  SUM =  9
               26320 C6 = 0  SUM =  9

               26321 A =  3  B =  6  C0 = 1
               26325 C6 = 0  SUM = 10
               26327 C6 = 0  SUM = 10

               26328 A =  3  B =  7  C0 = 1
               26332 C6 = 0  SUM = 11
               26681 C6 = 0  SUM =  0

               26682 A =  4  B =  1  C0 = 1
               26683 C6 = 0  SUM =  4
               26685 C6 = 0  SUM =  6
               26688 C6 = 0  SUM =  6

               26689 A =  4  B =  2  C0 = 1
               26693 C6 = 0  SUM =  7
               26695 C6 = 0  SUM =  7

               26696 A =  4  B =  3  C0 = 1
               26699 C6 = 0  SUM =  5
               26700 C6 = 0  SUM =  4
               26701 C6 = 0  SUM =  8
               26702 C6 = 0  SUM =  8

               26703 A =  4  B =  4  C0 = 1
               26706 C6 = 0  SUM =  4
               26707 C6 = 0  SUM =  5
               26708 C6 = 0  SUM = 13
               26709 C6 = 0  SUM =  9

               26710 A =  4  B =  5  C0 = 1
               26713 C6 = 0  SUM = 11
               26714 C6 = 0  SUM = 10
               26716 C6 = 0  SUM = 10

               26717 A =  4  B =  6  C0 = 1
               26721 C6 = 0  SUM = 11
               26723 C6 = 0  SUM = 11

               26724 A =  4  B =  7  C0 = 1
               26727 C6 = 0  SUM =  9
               26728 C6 = 0  SUM =  8
               26729 C6 = 0  SUM = 12
               27077 C6 = 0  SUM =  7

               27078 A =  5  B =  1  C0 = 1
               27084 C6 = 0  SUM =  7

               27085 A =  5  B =  2  C0 = 1
               27088 C6 = 0  SUM = 11
               27089 C6 = 0  SUM =  8
               27091 C6 = 0  SUM =  8

               27092 A =  5  B =  3  C0 = 1
               27096 C6 = 0  SUM =  9
               27098 C6 = 0  SUM =  9

               27099 A =  5  B =  4  C0 = 1
               27102 C6 = 0  SUM =  5
               27103 C6 = 0  SUM =  6
               27104 C6 = 0  SUM = 14
               27105 C6 = 0  SUM = 10

               27106 A =  5  B =  5  C0 = 1
               27110 C6 = 0  SUM = 11
               27112 C6 = 0  SUM = 11

               27113 A =  5  B =  6  C0 = 1
               27116 C6 = 0  SUM = 15
               27117 C6 = 0  SUM = 12
               27119 C6 = 0  SUM = 12

               27120 A =  5  B =  7  C0 = 1
               27124 C6 = 0  SUM = 13
               27473 C6 = 0  SUM =  6

               27474 A =  6  B =  1  C0 = 1
               27477 C6 = 0  SUM =  4
               27479 C6 = 0  SUM =  8
               27480 C6 = 0  SUM =  8

               27481 A =  6  B =  2  C0 = 1
               27485 C6 = 0  SUM =  9
               27487 C6 = 0  SUM =  9

               27488 A =  6  B =  3  C0 = 1
               27491 C6 = 0  SUM = 11
               27492 C6 = 0  SUM = 10
               27494 C6 = 0  SUM = 10

               27495 A =  6  B =  4  C0 = 1
               27499 C6 = 0  SUM = 11
               27501 C6 = 0  SUM = 11

               27502 A =  6  B =  5  C0 = 1
               27505 C6 = 0  SUM =  9
               27506 C6 = 0  SUM =  8
               27507 C6 = 0  SUM = 12
               27508 C6 = 0  SUM = 12

               27509 A =  6  B =  6  C0 = 1
               27513 C6 = 0  SUM = 13
               27515 C6 = 0  SUM = 13

               27516 A =  6  B =  7  C0 = 1
               27519 C6 = 0  SUM = 15
               27520 C6 = 0  SUM = 14
               48056 C6 = 1  SUM = 53

               48060 A = 58  B = 59  C0 = 1
               48060 C6 = 1  SUM = 55
               48061 C6 = 1  SUM = 54
               48066 C6 = 1  SUM = 54

               48070 A = 58  B = 60  C0 = 1
               48071 C6 = 1  SUM = 55
               48076 C6 = 1  SUM = 55

               48080 A = 58  B = 61  C0 = 1
               48080 C6 = 1  SUM = 53
               48081 C6 = 1  SUM = 52
               48082 C6 = 1  SUM = 56
               48086 C6 = 1  SUM = 56

               48090 A = 58  B = 62  C0 = 1
               48091 C6 = 1  SUM = 57
               48096 C6 = 1  SUM = 57

               48100 A = 58  B = 63  C0 = 1
               48100 C6 = 1  SUM = 59
               48101 C6 = 1  SUM = 58
               48106 C6 = 1  SUM = 58

               48110 A = 58  B =  0  C0 = 1
               48111 C6 = 1  SUM = 59
               48114 C6 = 0  SUM = 59
               48120 C6 = 0  SUM = 57
               48469 C6 = 1  SUM = 54

               48473 A = 59  B = 59  C0 = 1
               48474 C6 = 1  SUM = 55
               48479 C6 = 1  SUM = 55

               48483 A = 59  B = 60  C0 = 1
               48484 C6 = 1  SUM = 52
               48485 C6 = 1  SUM = 60
               48486 C6 = 1  SUM = 56
               48489 C6 = 1  SUM = 56

               48493 A = 59  B = 61  C0 = 1
               48494 C6 = 1  SUM = 57
               48499 C6 = 1  SUM = 57

               48503 A = 59  B = 62  C0 = 1
               48504 C6 = 1  SUM = 58
               48509 C6 = 1  SUM = 58

               48513 A = 59  B = 63  C0 = 1
               48514 C6 = 1  SUM = 59
               48519 C6 = 1  SUM = 59

               48523 A = 59  B =  0  C0 = 1
               48524 C6 = 1  SUM = 56
               48526 C6 = 1  SUM = 60
               48527 C6 = 0  SUM = 60
               48533 C6 = 0  SUM = 56
               48882 C6 = 1  SUM = 55

               48886 A = 60  B = 59  C0 = 1
               48886 C6 = 1  SUM = 53
               48887 C6 = 1  SUM = 52
               48888 C6 = 1  SUM = 56
               48892 C6 = 1  SUM = 56

               48896 A = 60  B = 60  C0 = 1
               48896 C6 = 1  SUM = 52
               48897 C6 = 1  SUM = 53
               48898 C6 = 1  SUM = 61
               48899 C6 = 1  SUM = 57
               48902 C6 = 1  SUM = 57

               48906 A = 60  B = 61  C0 = 1
               48906 C6 = 1  SUM = 59
               48907 C6 = 1  SUM = 58
               48912 C6 = 1  SUM = 58

               48916 A = 60  B = 62  C0 = 1
               48917 C6 = 1  SUM = 59
               48922 C6 = 1  SUM = 59

               48926 A = 60  B = 63  C0 = 1
               48926 C6 = 1  SUM = 57
               48927 C6 = 1  SUM = 56
               48928 C6 = 1  SUM = 60
               48932 C6 = 1  SUM = 60

               48936 A = 60  B =  0  C0 = 1
               48936 C6 = 1  SUM = 56
               48937 C6 = 1  SUM = 57
               48939 C6 = 1  SUM = 61
               48940 C6 = 0  SUM = 61
               48946 C6 = 0  SUM = 63
               49295 C6 = 1  SUM = 56

               49299 A = 61  B = 59  C0 = 1
               49300 C6 = 1  SUM = 57
               49305 C6 = 1  SUM = 57

               49309 A = 61  B = 60  C0 = 1
               49309 C6 = 1  SUM = 53
               49310 C6 = 1  SUM = 54
               49311 C6 = 1  SUM = 62
               49312 C6 = 1  SUM = 58
               49315 C6 = 1  SUM = 58

               49319 A = 61  B = 61  C0 = 1
               49320 C6 = 1  SUM = 59
               49325 C6 = 1  SUM = 59

               49329 A = 61  B = 62  C0 = 1
               49329 C6 = 1  SUM = 63
               49330 C6 = 1  SUM = 60
               49335 C6 = 1  SUM = 60

               49339 A = 61  B = 63  C0 = 1
               49340 C6 = 1  SUM = 61
               49345 C6 = 1  SUM = 61

               49349 A = 61  B =  0  C0 = 1
               49349 C6 = 1  SUM = 57
               49350 C6 = 1  SUM = 58
               49352 C6 = 1  SUM = 62
               49353 C6 = 0  SUM = 62
               49708 C6 = 1  SUM = 57

               49712 A = 62  B = 59  C0 = 1
               49712 C6 = 1  SUM = 59
               49713 C6 = 1  SUM = 58
               49718 C6 = 1  SUM = 58

               49722 A = 62  B = 60  C0 = 1
               49723 C6 = 1  SUM = 59
               49728 C6 = 1  SUM = 59

               49732 A = 62  B = 61  C0 = 1
               49732 C6 = 1  SUM = 57
               49733 C6 = 1  SUM = 56
               49734 C6 = 1  SUM = 60
               49738 C6 = 1  SUM = 60

               49742 A = 62  B = 62  C0 = 1
               49743 C6 = 1  SUM = 61
               49748 C6 = 1  SUM = 61

               49752 A = 62  B = 63  C0 = 1
               49752 C6 = 1  SUM = 63
               49753 C6 = 1  SUM = 62
               49758 C6 = 1  SUM = 62

               49762 A = 62  B =  0  C0 = 1
               49763 C6 = 1  SUM = 63
               49766 C6 = 0  SUM = 63
               49772 C6 = 0  SUM = 61
               50121 C6 = 1  SUM = 58

               50125 A = 63  B = 59  C0 = 1
               50126 C6 = 1  SUM = 59
               50131 C6 = 1  SUM = 59

               50135 A = 63  B = 60  C0 = 1
               50136 C6 = 1  SUM = 56
               50138 C6 = 1  SUM = 60
               50141 C6 = 1  SUM = 60

               50145 A = 63  B = 61  C0 = 1
               50146 C6 = 1  SUM = 61
               50151 C6 = 1  SUM = 61

               50155 A = 63  B = 62  C0 = 1
               50156 C6 = 1  SUM = 62
               50161 C6 = 1  SUM = 62

               50165 A = 63  B = 63  C0 = 1
               50166 C6 = 1  SUM = 63
               50171 C6 = 1  SUM = 63

               50175 A = 63  B =  0  C0 = 1
               50176 C6 = 1  SUM = 60
               50178 C6 = 1  SUM =  0
               50184 C6 = 0  SUM =  0
               50185 C6 = 0  SUM = 12
               50186 C6 = 0  SUM = 13
               50188 C6 = 0  SUM =  1
$finish called from file "tb_6bit_exhaustive.v", line 85.
$finish at simulation time                50190
           V C S   S i m u l a t i o n   R e p o r t 
Time: 50190 ns
CPU Time:      0.230 seconds;       Data structure size:   0.0Mb
Thu May  2 13:40:36 2019
