Chronologic VCS simulator copyright 1991-2017
Contains Synopsys proprietary information.
Compiler version N-2017.12-SP2-2_Full64; Runtime version N-2017.12-SP2-2_Full64;  May  2 14:42 2019
VCD+ Writer N-2017.12-SP2-2_Full64 Copyright (c) 1991-2017 by Synopsys Inc.

		   Exhaustive case:
                   0 C6 = x  SUM =  x

		   Display first and last twelve vectors with carry off.
                   3 C6 = x  SUM =  X
                   5 C6 = x  SUM =  X
                   6 C6 = 0  SUM =  X
                   7 C6 = 0  SUM =  X

                   8 A =  0  B =  1  C0 = 0
                   9 C6 = 0  SUM =  0
                  12 C6 = 0  SUM =  1
                  14 C6 = 0  SUM =  1

                  15 A =  0  B =  2  C0 = 0
                  19 C6 = 0  SUM =  2
                  21 C6 = 0  SUM =  2

                  22 A =  0  B =  3  C0 = 0
                  26 C6 = 0  SUM =  3
                  28 C6 = 0  SUM =  3

                  29 A =  0  B =  4  C0 = 0
                  33 C6 = 0  SUM =  0
                  35 C6 = 0  SUM =  4

                  36 A =  0  B =  5  C0 = 0
                  40 C6 = 0  SUM =  5
                  42 C6 = 0  SUM =  5

                  43 A =  0  B =  6  C0 = 0
                  47 C6 = 0  SUM =  6
                  49 C6 = 0  SUM =  6

                  50 A =  0  B =  7  C0 = 0
                  54 C6 = 0  SUM =  7
                 403 C6 = 0  SUM =  0

                 404 A =  1  B =  1  C0 = 0
                 407 C6 = 0  SUM =  2
                 410 C6 = 0  SUM =  2

                 411 A =  1  B =  2  C0 = 0
                 415 C6 = 0  SUM =  3
                 417 C6 = 0  SUM =  3

                 418 A =  1  B =  3  C0 = 0
                 421 C6 = 0  SUM =  1
                 422 C6 = 0  SUM =  0
                 423 C6 = 0  SUM =  4
                 424 C6 = 0  SUM =  4

                 425 A =  1  B =  4  C0 = 0
                 428 C6 = 0  SUM =  0
                 429 C6 = 0  SUM =  1
                 431 C6 = 0  SUM =  5

                 432 A =  1  B =  5  C0 = 0
                 435 C6 = 0  SUM =  7
                 436 C6 = 0  SUM =  6
                 438 C6 = 0  SUM =  6

                 439 A =  1  B =  6  C0 = 0
                 443 C6 = 0  SUM =  7
                 445 C6 = 0  SUM =  7

                 446 A =  1  B =  7  C0 = 0
                 449 C6 = 0  SUM =  5
                 450 C6 = 0  SUM =  4
                 451 C6 = 0  SUM =  8
                 799 C6 = 0  SUM =  3

                 800 A =  2  B =  1  C0 = 0
                 806 C6 = 0  SUM =  3

                 807 A =  2  B =  2  C0 = 0
                 810 C6 = 0  SUM =  7
                 811 C6 = 0  SUM =  4
                 813 C6 = 0  SUM =  4

                 814 A =  2  B =  3  C0 = 0
                 818 C6 = 0  SUM =  5
                 820 C6 = 0  SUM =  5

                 821 A =  2  B =  4  C0 = 0
                 824 C6 = 0  SUM =  1
                 825 C6 = 0  SUM =  2
                 827 C6 = 0  SUM =  6

                 828 A =  2  B =  5  C0 = 0
                 832 C6 = 0  SUM =  7
                 834 C6 = 0  SUM =  7

                 835 A =  2  B =  6  C0 = 0
                 838 C6 = 0  SUM = 11
                 839 C6 = 0  SUM =  8
                 841 C6 = 0  SUM =  8

                 842 A =  2  B =  7  C0 = 0
                 846 C6 = 0  SUM =  9
                1195 C6 = 0  SUM =  2

                1196 A =  3  B =  1  C0 = 0
                1199 C6 = 0  SUM =  0
                1201 C6 = 0  SUM =  4
                1202 C6 = 0  SUM =  4

                1203 A =  3  B =  2  C0 = 0
                1207 C6 = 0  SUM =  5
                1209 C6 = 0  SUM =  5

                1210 A =  3  B =  3  C0 = 0
                1213 C6 = 0  SUM =  7
                1214 C6 = 0  SUM =  6
                1216 C6 = 0  SUM =  6

                1217 A =  3  B =  4  C0 = 0
                1221 C6 = 0  SUM =  7
                1223 C6 = 0  SUM =  7

                1224 A =  3  B =  5  C0 = 0
                1227 C6 = 0  SUM =  5
                1228 C6 = 0  SUM =  4
                1229 C6 = 0  SUM =  8
                1230 C6 = 0  SUM =  8

                1231 A =  3  B =  6  C0 = 0
                1235 C6 = 0  SUM =  9
                1237 C6 = 0  SUM =  9

                1238 A =  3  B =  7  C0 = 0
                1241 C6 = 0  SUM = 11
                1242 C6 = 0  SUM = 10
                1591 C6 = 0  SUM =  1

                1592 A =  4  B =  1  C0 = 0
                1593 C6 = 0  SUM =  5
                1598 C6 = 0  SUM =  5

                1599 A =  4  B =  2  C0 = 0
                1603 C6 = 0  SUM =  6
                1605 C6 = 0  SUM =  6

                1606 A =  4  B =  3  C0 = 0
                1610 C6 = 0  SUM =  7
                1612 C6 = 0  SUM =  7

                1613 A =  4  B =  4  C0 = 0
                1617 C6 = 0  SUM =  4
                1618 C6 = 0  SUM = 12
                1619 C6 = 0  SUM =  8

                1620 A =  4  B =  5  C0 = 0
                1624 C6 = 0  SUM =  9
                1626 C6 = 0  SUM =  9

                1627 A =  4  B =  6  C0 = 0
                1631 C6 = 0  SUM = 10
                1633 C6 = 0  SUM = 10

                1634 A =  4  B =  7  C0 = 0
                1638 C6 = 0  SUM = 11
                1987 C6 = 0  SUM =  4

                1988 A =  5  B =  1  C0 = 0
                1991 C6 = 0  SUM =  6
                1994 C6 = 0  SUM =  6

                1995 A =  5  B =  2  C0 = 0
                1999 C6 = 0  SUM =  7
                2001 C6 = 0  SUM =  7

                2002 A =  5  B =  3  C0 = 0
                2005 C6 = 0  SUM =  5
                2006 C6 = 0  SUM =  4
                2007 C6 = 0  SUM =  8
                2008 C6 = 0  SUM =  8

                2009 A =  5  B =  4  C0 = 0
                2012 C6 = 0  SUM =  4
                2013 C6 = 0  SUM =  5
                2014 C6 = 0  SUM = 13
                2015 C6 = 0  SUM =  9

                2016 A =  5  B =  5  C0 = 0
                2019 C6 = 0  SUM = 11
                2020 C6 = 0  SUM = 10
                2022 C6 = 0  SUM = 10

                2023 A =  5  B =  6  C0 = 0
                2027 C6 = 0  SUM = 11
                2029 C6 = 0  SUM = 11

                2030 A =  5  B =  7  C0 = 0
                2033 C6 = 0  SUM =  9
                2034 C6 = 0  SUM =  8
                2035 C6 = 0  SUM = 12
                2383 C6 = 0  SUM =  7

                2384 A =  6  B =  1  C0 = 0
                2390 C6 = 0  SUM =  7

                2391 A =  6  B =  2  C0 = 0
                2394 C6 = 0  SUM = 11
                2395 C6 = 0  SUM =  8
                2397 C6 = 0  SUM =  8

                2398 A =  6  B =  3  C0 = 0
                2402 C6 = 0  SUM =  9
                2404 C6 = 0  SUM =  9

                2405 A =  6  B =  4  C0 = 0
                2408 C6 = 0  SUM =  5
                2409 C6 = 0  SUM =  6
                2410 C6 = 0  SUM = 14
                2411 C6 = 0  SUM = 10

                2412 A =  6  B =  5  C0 = 0
                2416 C6 = 0  SUM = 11
                2418 C6 = 0  SUM = 11

                2419 A =  6  B =  6  C0 = 0
                2422 C6 = 0  SUM = 15
                2423 C6 = 0  SUM = 12
                2425 C6 = 0  SUM = 12

                2426 A =  6  B =  7  C0 = 0
                2430 C6 = 0  SUM = 13
               22966 C6 = 1  SUM = 52
               22971 C6 = 1  SUM = 53
               23266 C6 = 1  SUM =  0
               23566 C6 = 1  SUM = 53

               23570 A = 58  B = 59  C0 = 0
               23576 C6 = 1  SUM = 53
               23580 C6 = 1  SUM = 49
               23581 C6 = 1  SUM = 50
               23583 C6 = 1  SUM = 54
               23876 C6 = 1  SUM =  0
               24176 C6 = 1  SUM = 54

               24180 A = 58  B = 60  C0 = 0
               24186 C6 = 1  SUM = 54
               24191 C6 = 1  SUM = 55
               24486 C6 = 1  SUM =  0
               24786 C6 = 1  SUM = 55

               24790 A = 58  B = 61  C0 = 0
               24796 C6 = 1  SUM = 55
               24800 C6 = 1  SUM = 59
               24801 C6 = 1  SUM = 56
               25096 C6 = 1  SUM =  0
               25396 C6 = 1  SUM = 56

               25400 A = 58  B = 62  C0 = 0
               25406 C6 = 1  SUM = 56
               25411 C6 = 1  SUM = 57
               25706 C6 = 1  SUM =  0
               26006 C6 = 1  SUM = 57

               26010 A = 58  B = 63  C0 = 0
               26016 C6 = 1  SUM = 57
               26020 C6 = 1  SUM = 53
               26021 C6 = 0  SUM = 54
               26023 C6 = 0  SUM = 58
               26316 C6 = 0  SUM =  0
               26616 C6 = 0  SUM = 58

               26620 A = 58  B =  0  C0 = 0
               26979 C6 = 1  SUM = 53
               26983 C6 = 1  SUM = 55
               26984 C6 = 1  SUM = 54
               27279 C6 = 1  SUM =  0
               27579 C6 = 1  SUM = 54

               27583 A = 59  B = 59  C0 = 0
               27589 C6 = 1  SUM = 54
               27594 C6 = 1  SUM = 55
               27889 C6 = 1  SUM =  0
               28189 C6 = 1  SUM = 55

               28193 A = 59  B = 60  C0 = 0
               28199 C6 = 1  SUM = 55
               28203 C6 = 1  SUM = 53
               28204 C6 = 1  SUM = 52
               28205 C6 = 1  SUM = 56
               28499 C6 = 1  SUM =  0
               28799 C6 = 1  SUM = 56

               28803 A = 59  B = 61  C0 = 0
               28809 C6 = 1  SUM = 56
               28814 C6 = 1  SUM = 57
               29109 C6 = 1  SUM =  0
               29409 C6 = 1  SUM = 57

               29413 A = 59  B = 62  C0 = 0
               29419 C6 = 1  SUM = 57
               29423 C6 = 1  SUM = 59
               29424 C6 = 1  SUM = 58
               29719 C6 = 1  SUM =  0
               30019 C6 = 1  SUM = 58

               30023 A = 59  B = 63  C0 = 0
               30029 C6 = 1  SUM = 58
               30034 C6 = 1  SUM = 59
               30037 C6 = 0  SUM = 59
               30329 C6 = 0  SUM =  0
               30629 C6 = 0  SUM = 59

               30633 A = 59  B =  0  C0 = 0
               30992 C6 = 1  SUM = 54
               30997 C6 = 1  SUM = 55
               31292 C6 = 1  SUM =  0
               31592 C6 = 1  SUM = 55

               31596 A = 60  B = 59  C0 = 0
               31602 C6 = 1  SUM = 55
               31607 C6 = 1  SUM = 52
               31608 C6 = 1  SUM = 60
               31609 C6 = 1  SUM = 56
               31902 C6 = 1  SUM =  0
               32202 C6 = 1  SUM = 56

               32206 A = 60  B = 60  C0 = 0
               32212 C6 = 1  SUM = 56
               32217 C6 = 1  SUM = 57
               32512 C6 = 1  SUM =  0
               32812 C6 = 1  SUM = 57

               32816 A = 60  B = 61  C0 = 0
               32822 C6 = 1  SUM = 57
               32827 C6 = 1  SUM = 58
               33122 C6 = 1  SUM =  0
               33422 C6 = 1  SUM = 58

               33426 A = 60  B = 62  C0 = 0
               33432 C6 = 1  SUM = 58
               33437 C6 = 1  SUM = 59
               33732 C6 = 1  SUM =  0
               34032 C6 = 1  SUM = 59

               34036 A = 60  B = 63  C0 = 0
               34042 C6 = 1  SUM = 59
               34047 C6 = 1  SUM = 56
               34049 C6 = 1  SUM = 60
               34050 C6 = 0  SUM = 60
               34342 C6 = 0  SUM =  0
               34642 C6 = 0  SUM = 60

               34646 A = 60  B =  0  C0 = 0
               35005 C6 = 1  SUM = 55
               35009 C6 = 1  SUM = 53
               35010 C6 = 1  SUM = 52
               35011 C6 = 1  SUM = 56
               35305 C6 = 1  SUM =  0
               35605 C6 = 1  SUM = 56

               35609 A = 61  B = 59  C0 = 0
               35615 C6 = 1  SUM = 56
               35619 C6 = 1  SUM = 52
               35620 C6 = 1  SUM = 53
               35621 C6 = 1  SUM = 61
               35622 C6 = 1  SUM = 57
               35915 C6 = 1  SUM =  0
               36215 C6 = 1  SUM = 57

               36219 A = 61  B = 60  C0 = 0
               36225 C6 = 1  SUM = 57
               36229 C6 = 1  SUM = 59
               36230 C6 = 1  SUM = 58
               36525 C6 = 1  SUM =  0
               36825 C6 = 1  SUM = 58

               36829 A = 61  B = 61  C0 = 0
               36835 C6 = 1  SUM = 58
               36840 C6 = 1  SUM = 59
               37135 C6 = 1  SUM =  0
               37435 C6 = 1  SUM = 59

               37439 A = 61  B = 62  C0 = 0
               37445 C6 = 1  SUM = 59
               37449 C6 = 1  SUM = 57
               37450 C6 = 1  SUM = 56
               37451 C6 = 1  SUM = 60
               37745 C6 = 1  SUM =  0
               38045 C6 = 1  SUM = 60

               38049 A = 61  B = 63  C0 = 0
               38055 C6 = 1  SUM = 60
               38059 C6 = 1  SUM = 56
               38060 C6 = 1  SUM = 57
               38062 C6 = 1  SUM = 61
               38063 C6 = 0  SUM = 61
               38355 C6 = 0  SUM =  0
               38655 C6 = 0  SUM = 61

               38659 A = 61  B =  0  C0 = 0
               39018 C6 = 1  SUM = 56
               39023 C6 = 1  SUM = 57
               39318 C6 = 1  SUM =  0
               39618 C6 = 1  SUM = 57

               39622 A = 62  B = 59  C0 = 0
               39628 C6 = 1  SUM = 57
               39632 C6 = 1  SUM = 53
               39633 C6 = 1  SUM = 54
               39634 C6 = 1  SUM = 62
               39635 C6 = 1  SUM = 58
               39928 C6 = 1  SUM =  0
               40228 C6 = 1  SUM = 58

               40232 A = 62  B = 60  C0 = 0
               40238 C6 = 1  SUM = 58
               40243 C6 = 1  SUM = 59
               40538 C6 = 1  SUM =  0
               40838 C6 = 1  SUM = 59

               40842 A = 62  B = 61  C0 = 0
               40848 C6 = 1  SUM = 59
               40852 C6 = 1  SUM = 63
               40853 C6 = 1  SUM = 60
               41148 C6 = 1  SUM =  0
               41448 C6 = 1  SUM = 60

               41452 A = 62  B = 62  C0 = 0
               41458 C6 = 1  SUM = 60
               41463 C6 = 1  SUM = 61
               41758 C6 = 1  SUM =  0
               42058 C6 = 1  SUM = 61

               42062 A = 62  B = 63  C0 = 0
               42068 C6 = 1  SUM = 61
               42072 C6 = 1  SUM = 57
               42073 C6 = 1  SUM = 58
               42075 C6 = 1  SUM = 62
               42076 C6 = 0  SUM = 62
               42368 C6 = 0  SUM =  0
               42668 C6 = 0  SUM = 62

               42672 A = 62  B =  0  C0 = 0
               43031 C6 = 1  SUM = 57
               43035 C6 = 1  SUM = 59
               43036 C6 = 1  SUM = 58
               43331 C6 = 1  SUM =  0
               43631 C6 = 1  SUM = 58

               43635 A = 63  B = 59  C0 = 0
               43641 C6 = 1  SUM = 58
               43646 C6 = 1  SUM = 59
               43941 C6 = 1  SUM =  0
               44241 C6 = 1  SUM = 59

               44245 A = 63  B = 60  C0 = 0
               44251 C6 = 1  SUM = 59
               44255 C6 = 1  SUM = 57
               44256 C6 = 1  SUM = 56
               44257 C6 = 1  SUM = 60
               44551 C6 = 1  SUM =  0
               44851 C6 = 1  SUM = 60

               44855 A = 63  B = 61  C0 = 0
               44861 C6 = 1  SUM = 60
               44866 C6 = 1  SUM = 61
               45161 C6 = 1  SUM =  0
               45461 C6 = 1  SUM = 61

               45465 A = 63  B = 62  C0 = 0
               45471 C6 = 1  SUM = 61
               45475 C6 = 1  SUM = 63
               45476 C6 = 1  SUM = 62
               45771 C6 = 1  SUM =  0
               46071 C6 = 1  SUM = 62

               46075 A = 63  B = 63  C0 = 0
               46081 C6 = 1  SUM = 62
               46086 C6 = 1  SUM = 63
               46089 C6 = 0  SUM = 63
               46381 C6 = 0  SUM =  0
               46681 C6 = 0  SUM = 63

               46685 A = 63  B =  0  C0 = 0


		Display first and last twelve vectors with carry on:

               46696 C6 = 0  SUM = 61
               46697 C6 = 0  SUM = 61

               46698 A =  0  B =  1  C0 = 1
               46698 C6 = 0  SUM =  1
               46701 C6 = 0  SUM =  3
               46702 C6 = 0  SUM =  2
               46704 C6 = 0  SUM =  2

               46705 A =  0  B =  2  C0 = 1
               46709 C6 = 0  SUM =  3
               46711 C6 = 0  SUM =  3

               46712 A =  0  B =  3  C0 = 1
               46715 C6 = 0  SUM =  1
               46716 C6 = 0  SUM =  0
               46717 C6 = 0  SUM =  4
               46718 C6 = 0  SUM =  4

               46719 A =  0  B =  4  C0 = 1
               46722 C6 = 0  SUM =  0
               46723 C6 = 0  SUM =  1
               46725 C6 = 0  SUM =  5

               46726 A =  0  B =  5  C0 = 1
               46729 C6 = 0  SUM =  7
               46730 C6 = 0  SUM =  6
               46732 C6 = 0  SUM =  6

               46733 A =  0  B =  6  C0 = 1
               46737 C6 = 0  SUM =  7
               46739 C6 = 0  SUM =  7

               46740 A =  0  B =  7  C0 = 1
               46743 C6 = 0  SUM =  5
               46744 C6 = 0  SUM =  4
               46745 C6 = 0  SUM =  8
               47093 C6 = 0  SUM =  3

               47094 A =  1  B =  1  C0 = 1
               47100 C6 = 0  SUM =  3

               47101 A =  1  B =  2  C0 = 1
               47104 C6 = 0  SUM =  7
               47105 C6 = 0  SUM =  4
               47107 C6 = 0  SUM =  4

               47108 A =  1  B =  3  C0 = 1
               47112 C6 = 0  SUM =  5
               47114 C6 = 0  SUM =  5

               47115 A =  1  B =  4  C0 = 1
               47118 C6 = 0  SUM =  1
               47119 C6 = 0  SUM =  2
               47121 C6 = 0  SUM =  6

               47122 A =  1  B =  5  C0 = 1
               47126 C6 = 0  SUM =  7
               47128 C6 = 0  SUM =  7

               47129 A =  1  B =  6  C0 = 1
               47132 C6 = 0  SUM = 11
               47133 C6 = 0  SUM =  8
               47135 C6 = 0  SUM =  8

               47136 A =  1  B =  7  C0 = 1
               47140 C6 = 0  SUM =  9
               47489 C6 = 0  SUM =  2

               47490 A =  2  B =  1  C0 = 1
               47493 C6 = 0  SUM =  0
               47495 C6 = 0  SUM =  4
               47496 C6 = 0  SUM =  4

               47497 A =  2  B =  2  C0 = 1
               47501 C6 = 0  SUM =  5
               47503 C6 = 0  SUM =  5

               47504 A =  2  B =  3  C0 = 1
               47507 C6 = 0  SUM =  7
               47508 C6 = 0  SUM =  6
               47510 C6 = 0  SUM =  6

               47511 A =  2  B =  4  C0 = 1
               47515 C6 = 0  SUM =  7
               47517 C6 = 0  SUM =  7

               47518 A =  2  B =  5  C0 = 1
               47521 C6 = 0  SUM =  5
               47522 C6 = 0  SUM =  4
               47523 C6 = 0  SUM =  8
               47524 C6 = 0  SUM =  8

               47525 A =  2  B =  6  C0 = 1
               47529 C6 = 0  SUM =  9
               47531 C6 = 0  SUM =  9

               47532 A =  2  B =  7  C0 = 1
               47535 C6 = 0  SUM = 11
               47536 C6 = 0  SUM = 10
               47885 C6 = 0  SUM =  1

               47886 A =  3  B =  1  C0 = 1
               47886 C6 = 0  SUM =  5
               47892 C6 = 0  SUM =  5

               47893 A =  3  B =  2  C0 = 1
               47897 C6 = 0  SUM =  6
               47899 C6 = 0  SUM =  6

               47900 A =  3  B =  3  C0 = 1
               47904 C6 = 0  SUM =  7
               47906 C6 = 0  SUM =  7

               47907 A =  3  B =  4  C0 = 1
               47911 C6 = 0  SUM =  4
               47912 C6 = 0  SUM = 12
               47913 C6 = 0  SUM =  8

               47914 A =  3  B =  5  C0 = 1
               47918 C6 = 0  SUM =  9
               47920 C6 = 0  SUM =  9

               47921 A =  3  B =  6  C0 = 1
               47925 C6 = 0  SUM = 10
               47927 C6 = 0  SUM = 10

               47928 A =  3  B =  7  C0 = 1
               47932 C6 = 0  SUM = 11
               48281 C6 = 0  SUM =  0

               48282 A =  4  B =  1  C0 = 1
               48283 C6 = 0  SUM =  4
               48285 C6 = 0  SUM =  6
               48288 C6 = 0  SUM =  6

               48289 A =  4  B =  2  C0 = 1
               48293 C6 = 0  SUM =  7
               48295 C6 = 0  SUM =  7

               48296 A =  4  B =  3  C0 = 1
               48299 C6 = 0  SUM =  5
               48300 C6 = 0  SUM =  4
               48301 C6 = 0  SUM =  8
               48302 C6 = 0  SUM =  8

               48303 A =  4  B =  4  C0 = 1
               48306 C6 = 0  SUM =  4
               48307 C6 = 0  SUM =  5
               48308 C6 = 0  SUM = 13
               48309 C6 = 0  SUM =  9

               48310 A =  4  B =  5  C0 = 1
               48313 C6 = 0  SUM = 11
               48314 C6 = 0  SUM = 10
               48316 C6 = 0  SUM = 10

               48317 A =  4  B =  6  C0 = 1
               48321 C6 = 0  SUM = 11
               48323 C6 = 0  SUM = 11

               48324 A =  4  B =  7  C0 = 1
               48327 C6 = 0  SUM =  9
               48328 C6 = 0  SUM =  8
               48329 C6 = 0  SUM = 12
               48677 C6 = 0  SUM =  7

               48678 A =  5  B =  1  C0 = 1
               48684 C6 = 0  SUM =  7

               48685 A =  5  B =  2  C0 = 1
               48688 C6 = 0  SUM = 11
               48689 C6 = 0  SUM =  8
               48691 C6 = 0  SUM =  8

               48692 A =  5  B =  3  C0 = 1
               48696 C6 = 0  SUM =  9
               48698 C6 = 0  SUM =  9

               48699 A =  5  B =  4  C0 = 1
               48702 C6 = 0  SUM =  5
               48703 C6 = 0  SUM =  6
               48704 C6 = 0  SUM = 14
               48705 C6 = 0  SUM = 10

               48706 A =  5  B =  5  C0 = 1
               48710 C6 = 0  SUM = 11
               48712 C6 = 0  SUM = 11

               48713 A =  5  B =  6  C0 = 1
               48716 C6 = 0  SUM = 15
               48717 C6 = 0  SUM = 12
               48719 C6 = 0  SUM = 12

               48720 A =  5  B =  7  C0 = 1
               48724 C6 = 0  SUM = 13
               49073 C6 = 0  SUM =  6

               49074 A =  6  B =  1  C0 = 1
               49077 C6 = 0  SUM =  4
               49079 C6 = 0  SUM =  8
               49080 C6 = 0  SUM =  8

               49081 A =  6  B =  2  C0 = 1
               49085 C6 = 0  SUM =  9
               49087 C6 = 0  SUM =  9

               49088 A =  6  B =  3  C0 = 1
               49091 C6 = 0  SUM = 11
               49092 C6 = 0  SUM = 10
               49094 C6 = 0  SUM = 10

               49095 A =  6  B =  4  C0 = 1
               49099 C6 = 0  SUM = 11
               49101 C6 = 0  SUM = 11

               49102 A =  6  B =  5  C0 = 1
               49105 C6 = 0  SUM =  9
               49106 C6 = 0  SUM =  8
               49107 C6 = 0  SUM = 12
               49108 C6 = 0  SUM = 12

               49109 A =  6  B =  6  C0 = 1
               49113 C6 = 0  SUM = 13
               49115 C6 = 0  SUM = 13

               49116 A =  6  B =  7  C0 = 1
               49119 C6 = 0  SUM = 15
               49120 C6 = 0  SUM = 14
               69656 C6 = 1  SUM = 53
               69660 C6 = 1  SUM = 55
               69661 C6 = 1  SUM = 54
               69956 C6 = 1  SUM =  0
               70256 C6 = 1  SUM = 54

               70260 A = 58  B = 59  C0 = 1
               70266 C6 = 1  SUM = 54
               70271 C6 = 1  SUM = 55
               70566 C6 = 1  SUM =  0
               70866 C6 = 1  SUM = 55

               70870 A = 58  B = 60  C0 = 1
               70876 C6 = 1  SUM = 55
               70880 C6 = 1  SUM = 53
               70881 C6 = 1  SUM = 52
               70882 C6 = 1  SUM = 56
               71176 C6 = 1  SUM =  0
               71476 C6 = 1  SUM = 56

               71480 A = 58  B = 61  C0 = 1
               71486 C6 = 1  SUM = 56
               71491 C6 = 1  SUM = 57
               71786 C6 = 1  SUM =  0
               72086 C6 = 1  SUM = 57

               72090 A = 58  B = 62  C0 = 1
               72096 C6 = 1  SUM = 57
               72100 C6 = 1  SUM = 59
               72101 C6 = 1  SUM = 58
               72396 C6 = 1  SUM =  0
               72696 C6 = 1  SUM = 58

               72700 A = 58  B = 63  C0 = 1
               72706 C6 = 1  SUM = 58
               72711 C6 = 1  SUM = 59
               72714 C6 = 0  SUM = 59
               73006 C6 = 0  SUM =  0
               73306 C6 = 0  SUM = 59

               73310 A = 58  B =  0  C0 = 1
               73320 C6 = 0  SUM = 57
               73669 C6 = 1  SUM = 54
               73674 C6 = 1  SUM = 55
               73969 C6 = 1  SUM =  0
               74269 C6 = 1  SUM = 55

               74273 A = 59  B = 59  C0 = 1
               74279 C6 = 1  SUM = 55
               74284 C6 = 1  SUM = 52
               74285 C6 = 1  SUM = 60
               74286 C6 = 1  SUM = 56
               74579 C6 = 1  SUM =  0
               74879 C6 = 1  SUM = 56

               74883 A = 59  B = 60  C0 = 1
               74889 C6 = 1  SUM = 56
               74894 C6 = 1  SUM = 57
               75189 C6 = 1  SUM =  0
               75489 C6 = 1  SUM = 57

               75493 A = 59  B = 61  C0 = 1
               75499 C6 = 1  SUM = 57
               75504 C6 = 1  SUM = 58
               75799 C6 = 1  SUM =  0
               76099 C6 = 1  SUM = 58

               76103 A = 59  B = 62  C0 = 1
               76109 C6 = 1  SUM = 58
               76114 C6 = 1  SUM = 59
               76409 C6 = 1  SUM =  0
               76709 C6 = 1  SUM = 59

               76713 A = 59  B = 63  C0 = 1
               76719 C6 = 1  SUM = 59
               76724 C6 = 1  SUM = 56
               76726 C6 = 1  SUM = 60
               76727 C6 = 0  SUM = 60
               77019 C6 = 0  SUM =  0
               77319 C6 = 0  SUM = 60

               77323 A = 59  B =  0  C0 = 1
               77333 C6 = 0  SUM = 56
               77682 C6 = 1  SUM = 55
               77686 C6 = 1  SUM = 53
               77687 C6 = 1  SUM = 52
               77688 C6 = 1  SUM = 56
               77982 C6 = 1  SUM =  0
               78282 C6 = 1  SUM = 56

               78286 A = 60  B = 59  C0 = 1
               78292 C6 = 1  SUM = 56
               78296 C6 = 1  SUM = 52
               78297 C6 = 1  SUM = 53
               78298 C6 = 1  SUM = 61
               78299 C6 = 1  SUM = 57
               78592 C6 = 1  SUM =  0
               78892 C6 = 1  SUM = 57

               78896 A = 60  B = 60  C0 = 1
               78902 C6 = 1  SUM = 57
               78906 C6 = 1  SUM = 59
               78907 C6 = 1  SUM = 58
               79202 C6 = 1  SUM =  0
               79502 C6 = 1  SUM = 58

               79506 A = 60  B = 61  C0 = 1
               79512 C6 = 1  SUM = 58
               79517 C6 = 1  SUM = 59
               79812 C6 = 1  SUM =  0
               80112 C6 = 1  SUM = 59

               80116 A = 60  B = 62  C0 = 1
               80122 C6 = 1  SUM = 59
               80126 C6 = 1  SUM = 57
               80127 C6 = 1  SUM = 56
               80128 C6 = 1  SUM = 60
               80422 C6 = 1  SUM =  0
               80722 C6 = 1  SUM = 60

               80726 A = 60  B = 63  C0 = 1
               80732 C6 = 1  SUM = 60
               80736 C6 = 1  SUM = 56
               80737 C6 = 1  SUM = 57
               80739 C6 = 1  SUM = 61
               80740 C6 = 0  SUM = 61
               81032 C6 = 0  SUM =  0
               81332 C6 = 0  SUM = 61

               81336 A = 60  B =  0  C0 = 1
               81346 C6 = 0  SUM = 63
               81695 C6 = 1  SUM = 56
               81700 C6 = 1  SUM = 57
               81995 C6 = 1  SUM =  0
               82295 C6 = 1  SUM = 57

               82299 A = 61  B = 59  C0 = 1
               82305 C6 = 1  SUM = 57
               82309 C6 = 1  SUM = 53
               82310 C6 = 1  SUM = 54
               82311 C6 = 1  SUM = 62
               82312 C6 = 1  SUM = 58
               82605 C6 = 1  SUM =  0
               82905 C6 = 1  SUM = 58

               82909 A = 61  B = 60  C0 = 1
               82915 C6 = 1  SUM = 58
               82920 C6 = 1  SUM = 59
               83215 C6 = 1  SUM =  0
               83515 C6 = 1  SUM = 59

               83519 A = 61  B = 61  C0 = 1
               83525 C6 = 1  SUM = 59
               83529 C6 = 1  SUM = 63
               83530 C6 = 1  SUM = 60
               83825 C6 = 1  SUM =  0
               84125 C6 = 1  SUM = 60

               84129 A = 61  B = 62  C0 = 1
               84135 C6 = 1  SUM = 60
               84140 C6 = 1  SUM = 61
               84435 C6 = 1  SUM =  0
               84735 C6 = 1  SUM = 61

               84739 A = 61  B = 63  C0 = 1
               84745 C6 = 1  SUM = 61
               84749 C6 = 1  SUM = 57
               84750 C6 = 1  SUM = 58
               84752 C6 = 1  SUM = 62
               84753 C6 = 0  SUM = 62
               85045 C6 = 0  SUM =  0
               85345 C6 = 0  SUM = 62

               85349 A = 61  B =  0  C0 = 1
               85708 C6 = 1  SUM = 57
               85712 C6 = 1  SUM = 59
               85713 C6 = 1  SUM = 58
               86008 C6 = 1  SUM =  0
               86308 C6 = 1  SUM = 58

               86312 A = 62  B = 59  C0 = 1
               86318 C6 = 1  SUM = 58
               86323 C6 = 1  SUM = 59
               86618 C6 = 1  SUM =  0
               86918 C6 = 1  SUM = 59

               86922 A = 62  B = 60  C0 = 1
               86928 C6 = 1  SUM = 59
               86932 C6 = 1  SUM = 57
               86933 C6 = 1  SUM = 56
               86934 C6 = 1  SUM = 60
               87228 C6 = 1  SUM =  0
               87528 C6 = 1  SUM = 60

               87532 A = 62  B = 61  C0 = 1
               87538 C6 = 1  SUM = 60
               87543 C6 = 1  SUM = 61
               87838 C6 = 1  SUM =  0
               88138 C6 = 1  SUM = 61

               88142 A = 62  B = 62  C0 = 1
               88148 C6 = 1  SUM = 61
               88152 C6 = 1  SUM = 63
               88153 C6 = 1  SUM = 62
               88448 C6 = 1  SUM =  0
               88748 C6 = 1  SUM = 62

               88752 A = 62  B = 63  C0 = 1
               88758 C6 = 1  SUM = 62
               88763 C6 = 1  SUM = 63
               88766 C6 = 0  SUM = 63
               89058 C6 = 0  SUM =  0
               89358 C6 = 0  SUM = 63

               89362 A = 62  B =  0  C0 = 1
               89372 C6 = 0  SUM = 61
               89721 C6 = 1  SUM = 58
               89726 C6 = 1  SUM = 59
               90021 C6 = 1  SUM =  0
               90321 C6 = 1  SUM = 59

               90325 A = 63  B = 59  C0 = 1
               90331 C6 = 1  SUM = 59
               90336 C6 = 1  SUM = 56
               90338 C6 = 1  SUM = 60
               90631 C6 = 1  SUM =  0
               90931 C6 = 1  SUM = 60

               90935 A = 63  B = 60  C0 = 1
               90941 C6 = 1  SUM = 60
               90946 C6 = 1  SUM = 61
               91241 C6 = 1  SUM =  0
               91541 C6 = 1  SUM = 61

               91545 A = 63  B = 61  C0 = 1
               91551 C6 = 1  SUM = 61
               91556 C6 = 1  SUM = 62
               91851 C6 = 1  SUM =  0
               92151 C6 = 1  SUM = 62

               92155 A = 63  B = 62  C0 = 1
               92161 C6 = 1  SUM = 62
               92166 C6 = 1  SUM = 63
               92461 C6 = 1  SUM =  0
               92761 C6 = 1  SUM = 63

               92765 A = 63  B = 63  C0 = 1
               92771 C6 = 1  SUM = 63
               92776 C6 = 1  SUM = 60
               92778 C6 = 1  SUM =  0

               93375 A = 63  B =  0  C0 = 1
               93384 C6 = 0  SUM =  0
               93385 C6 = 0  SUM = 12
               93386 C6 = 0  SUM = 13
               93388 C6 = 0  SUM =  1
$finish called from file "tb_6bit_exhaustive.v", line 93.
$finish at simulation time                93390
           V C S   S i m u l a t i o n   R e p o r t 
Time: 93390 ns
CPU Time:      0.260 seconds;       Data structure size:   0.0Mb
Thu May  2 14:42:38 2019
