# Preference setting overrides
gui_create_pref_key -category {Globals} -key {load_detail_for_funcov} -value_type {bool} -value {false}

# State setting overrides
gui_state_default_create -off -ini
gui_set_state_value -category Globals -key recent_databases -value {{gui_open_db -file /home/users15/jms2299/ECE/ECE526L/Experiment 2/Lab2/vcdplus.vpd -design V1} {gui_open_db -file /home/users15/jms2299/ECE/ECE526L/Lab1/vcdplus.vpd -design V1} {gui_open_db -file /home/users15/jms2299/ECE/ECE526L/Lab1/vcdplus.vpd -design V2}}
gui_set_state_value -category Layout -key child_console_size_x -value 1919
gui_set_state_value -category Layout -key child_console_size_y -value 162
gui_set_state_value -category Layout -key child_data_size_x -value 226
gui_set_state_value -category Layout -key child_data_size_y -value 899
gui_set_state_value -category Layout -key child_hier_col3 -value {-1}
gui_set_state_value -category Layout -key child_hier_colpd -value 0
gui_set_state_value -category Layout -key child_hier_size_x -value 143
gui_set_state_value -category Layout -key child_hier_size_y -value 899
gui_set_state_value -category Layout -key child_schematic_docknewline -value false
gui_set_state_value -category Layout -key child_schematic_pos_x -value {-2}
gui_set_state_value -category Layout -key child_schematic_pos_y -value {-15}
gui_set_state_value -category Layout -key child_schematic_size_x -value 959
gui_set_state_value -category Layout -key child_schematic_size_y -value 308
gui_set_state_value -category Layout -key child_source_docknewline -value false
gui_set_state_value -category Layout -key child_source_pos_x -value {-2}
gui_set_state_value -category Layout -key child_source_pos_y -value {-15}
gui_set_state_value -category Layout -key child_source_size_x -value 1553
gui_set_state_value -category Layout -key child_source_size_y -value 894
gui_set_state_value -category Layout -key child_wave_colname -value 116
gui_set_state_value -category Layout -key child_wave_colvalue -value 115
gui_set_state_value -category Layout -key child_wave_left -value 235
gui_set_state_value -category Layout -key child_wave_right -value 1062
gui_set_state_value -category Layout -key main_pos_x -value 0
gui_set_state_value -category Layout -key main_pos_y -value 23
gui_set_state_value -category Layout -key main_size_x -value 1919
gui_set_state_value -category Layout -key main_size_y -value 1159
gui_set_state_value -category Layout -key stand_wave_child_docknewline -value false
gui_set_state_value -category Layout -key stand_wave_child_pos_x -value {-2}
gui_set_state_value -category Layout -key stand_wave_child_pos_y -value {-15}
gui_set_state_value -category Layout -key stand_wave_child_size_x -value 1307
gui_set_state_value -category Layout -key stand_wave_child_size_y -value 814
gui_set_state_value -category Layout -key stand_wave_top_pos_x -value 497
gui_set_state_value -category Layout -key stand_wave_top_pos_y -value 102
gui_set_state_value -category Layout -key stand_wave_top_size_x -value 1799
gui_set_state_value -category Layout -key stand_wave_top_size_y -value 1020
gui_create_state_key -category FindDialog -key m_pMatchCase -value_type bool -value false
gui_create_state_key -category FindDialog -key m_pMatchWord -value_type bool -value false
gui_create_state_key -category FindDialog -key m_pUseCombo -value_type string -value {}
gui_create_state_key -category FindDialog -key m_pWrapAround -value_type bool -value true
gui_create_state_key -category SearchDialog -key MatchCase -value_type bool -value false
gui_create_state_key -category SearchDialog -key MatchWord -value_type bool -value true
gui_create_state_key -category SearchDialog -key SearchMode -value_type string -value Wildcards
gui_create_state_key -category SearchDialog -key UseCombo -value_type bool -value true
gui_state_default_create -off

# Begin command logging
