# Preference setting overrides
gui_create_pref_key -category {Globals} -key {load_detail_for_funcov} -value_type {bool} -value {false}

# State setting overrides
gui_state_default_create -off -ini
gui_set_state_value -category Globals -key recent_databases -value {{gui_open_db -file /home/users15/jms2299/ECE/ECE526L/Experiment 1/Lab1/vcdplus.vpd -design V1} {gui_open_db -file /home/users15/jms2299/ECE/ECE526L/Experiment 5/Lab5/vcdplus.vpd -design V1} {gui_open_db -file /home/users15/jms2299/ECE/ECE526L/Experiment 4/Lab4/vcdplus.vpd -design V1} {gui_open_db -file /home/users15/jms2299/ECE/ECE526L/Experiment 2/Lab2/vcdplus.vpd -design V1} {gui_open_db -file /home/users15/jms2299/ECE/ECE526L/Lab1/vcdplus.vpd -design V1}}
gui_set_state_value -category Layout -key child_console_size_x -value 1359
gui_set_state_value -category Layout -key child_console_size_y -value 155
gui_set_state_value -category Layout -key child_data_size_x -value 219
gui_set_state_value -category Layout -key child_data_size_y -value 447
gui_set_state_value -category Layout -key child_hier_col3 -value {-1}
gui_set_state_value -category Layout -key child_hier_colpd -value 0
gui_set_state_value -category Layout -key child_hier_size_x -value 136
gui_set_state_value -category Layout -key child_hier_size_y -value 447
gui_set_state_value -category Layout -key child_schematic_docknewline -value false
gui_set_state_value -category Layout -key child_schematic_pos_x -value {-2}
gui_set_state_value -category Layout -key child_schematic_pos_y -value {-15}
gui_set_state_value -category Layout -key child_schematic_size_x -value 959
gui_set_state_value -category Layout -key child_schematic_size_y -value 308
gui_set_state_value -category Layout -key child_source_docknewline -value false
gui_set_state_value -category Layout -key child_source_pos_x -value {-2}
gui_set_state_value -category Layout -key child_source_pos_y -value {-15}
gui_set_state_value -category Layout -key child_source_size_x -value 1007
gui_set_state_value -category Layout -key child_source_size_y -value 442
gui_set_state_value -category Layout -key child_wave_colname -value 137
gui_set_state_value -category Layout -key child_wave_colvalue -value 131
gui_set_state_value -category Layout -key child_wave_left -value 272
gui_set_state_value -category Layout -key child_wave_right -value 1088
gui_set_state_value -category Layout -key main_pos_x -value 8
gui_set_state_value -category Layout -key main_pos_y -value 57
gui_set_state_value -category Layout -key main_size_x -value 1367
gui_set_state_value -category Layout -key main_size_y -value 758
gui_set_state_value -category Layout -key stand_wave_child_docknewline -value false
gui_set_state_value -category Layout -key stand_wave_child_pos_x -value {-2}
gui_set_state_value -category Layout -key stand_wave_child_pos_y -value {-15}
gui_set_state_value -category Layout -key stand_wave_child_size_x -value 1370
gui_set_state_value -category Layout -key stand_wave_child_size_y -value 600
gui_set_state_value -category Layout -key stand_wave_top_pos_x -value 0
gui_set_state_value -category Layout -key stand_wave_top_pos_y -value 23
gui_set_state_value -category Layout -key stand_wave_top_size_x -value 1365
gui_set_state_value -category Layout -key stand_wave_top_size_y -value 727
gui_create_state_key -category FindDialog -key m_pMatchCase -value_type bool -value false
gui_create_state_key -category FindDialog -key m_pMatchWord -value_type bool -value false
gui_create_state_key -category FindDialog -key m_pUseCombo -value_type string -value {}
gui_create_state_key -category FindDialog -key m_pWrapAround -value_type bool -value true
gui_create_state_key -category SearchDialog -key MatchCase -value_type bool -value false
gui_create_state_key -category SearchDialog -key MatchWord -value_type bool -value true
gui_create_state_key -category SearchDialog -key SearchMode -value_type string -value Wildcards
gui_create_state_key -category SearchDialog -key UseCombo -value_type bool -value true
gui_state_default_create -off

# Begin command logging
gui_open_db -file {/home/users15/jms2299/ECE/ECE526L/Experiment 5/Lab5/vcdplus.vpd} -design V1
gui_list_select -id Data.1 -selected  { {tb_scale_mux.OUT2[4:0]}   }
gui_list_select_all -id Data.1
