# Preference setting overrides
gui_create_pref_key -category {Globals} -key {load_detail_for_funcov} -value_type {bool} -value {false}

# State setting overrides
gui_state_default_create -off -ini
gui_set_state_value -category Globals -key recent_databases -value {{gui_open_db -file /home/users15/jms2299/ECE/ECE526L/Experiment 2/Lab2/vcdplus.vpd -design V1} {gui_open_db -file /home/users15/jms2299/ECE/ECE526L/Lab1/vcdplus.vpd -design V1} {gui_open_db -file /home/users15/jms2299/ECE/ECE526L/Lab1/vcdplus.vpd -design V2}}
gui_set_state_value -category Layout -key child_console_size_x -value 1361
gui_set_state_value -category Layout -key child_console_size_y -value 161
gui_set_state_value -category Layout -key child_data_size_x -value 225
gui_set_state_value -category Layout -key child_data_size_y -value 480
gui_set_state_value -category Layout -key child_hier_col3 -value {-1}
gui_set_state_value -category Layout -key child_hier_colpd -value 0
gui_set_state_value -category Layout -key child_hier_size_x -value 142
gui_set_state_value -category Layout -key child_hier_size_y -value 480
gui_set_state_value -category Layout -key child_schematic_docknewline -value false
gui_set_state_value -category Layout -key child_schematic_pos_x -value {-2}
gui_set_state_value -category Layout -key child_schematic_pos_y -value {-15}
gui_set_state_value -category Layout -key child_schematic_size_x -value 959
gui_set_state_value -category Layout -key child_schematic_size_y -value 308
gui_set_state_value -category Layout -key child_source_docknewline -value false
gui_set_state_value -category Layout -key child_source_pos_x -value {-2}
gui_set_state_value -category Layout -key child_source_pos_y -value {-15}
gui_set_state_value -category Layout -key child_source_size_x -value 997
gui_set_state_value -category Layout -key child_source_size_y -value 475
gui_set_state_value -category Layout -key child_wave_colname -value 116
gui_set_state_value -category Layout -key child_wave_colvalue -value 115
gui_set_state_value -category Layout -key child_wave_left -value 235
gui_set_state_value -category Layout -key child_wave_right -value 1062
gui_set_state_value -category Layout -key main_pos_x -value 8
gui_set_state_value -category Layout -key main_pos_y -value 159
gui_set_state_value -category Layout -key main_size_x -value 1369
gui_set_state_value -category Layout -key main_size_y -value 899
gui_set_state_value -category Layout -key stand_wave_child_docknewline -value false
gui_set_state_value -category Layout -key stand_wave_child_pos_x -value {-2}
gui_set_state_value -category Layout -key stand_wave_child_pos_y -value {-15}
gui_set_state_value -category Layout -key stand_wave_child_size_x -value 1307
gui_set_state_value -category Layout -key stand_wave_child_size_y -value 814
gui_set_state_value -category Layout -key stand_wave_top_pos_x -value 497
gui_set_state_value -category Layout -key stand_wave_top_pos_y -value 102
gui_set_state_value -category Layout -key stand_wave_top_size_x -value 1799
gui_set_state_value -category Layout -key stand_wave_top_size_y -value 1020
gui_create_state_key -category FindDialog -key m_pMatchCase -value_type bool -value false
gui_create_state_key -category FindDialog -key m_pMatchWord -value_type bool -value false
gui_create_state_key -category FindDialog -key m_pUseCombo -value_type string -value {}
gui_create_state_key -category FindDialog -key m_pWrapAround -value_type bool -value true
gui_create_state_key -category SearchDialog -key MatchCase -value_type bool -value false
gui_create_state_key -category SearchDialog -key MatchWord -value_type bool -value true
gui_create_state_key -category SearchDialog -key SearchMode -value_type string -value Wildcards
gui_create_state_key -category SearchDialog -key UseCombo -value_type bool -value true
gui_state_default_create -off

# Begin command logging
gui_open_db -file {/home/users15/jms2299/ECE/ECE526L/Experiment 4/Lab4/vcdplus.vpd} -design V1
gui_list_select -id Data.1 -selected  { tb_counter.LOAD   }
gui_list_select_all -id Data.1
gui_open_window Wave
gui_list_add -id Wave.1 -from Data.1 { {tb_counter.count[4:0]} {tb_counter.data[4:0]} tb_counter.CLK tb_counter.LOAD tb_counter.ENA tb_counter.RST } -insertionbar
gui_wv_zoom_timerange -id  Wave.1 0 315
gui_wv_zoom_timerange -id  Wave.1 0 344
gui_zoom -window Wave.1 -full
gui_close_window -window TopLevel.2
