# Preference setting overrides
gui_create_pref_key -category {Globals} -key {load_detail_for_funcov} -value_type {bool} -value {false}

# State setting overrides
gui_state_default_create -off -ini
gui_set_state_value -category Globals -key recent_databases -value {{gui_open_db -file /home/users15/jms2299/ECE/ECE526L/Experiment 6/Lab6/vcdplus.vpd -design V1} {gui_open_db -file /home/users15/jms2299/ECE/ECE526L/Experiment 8/Lab8/vcdplus.vpd -design V1} {gui_open_db -file /home/users15/jms2299/ECE/ECE526L/Experiment 1/Lab1/vcdplus.vpd -design V1} {gui_open_db -file /home/users15/jms2299/ECE/ECE526L/Experiment 1/test/vcdplus.vpd -design V1} {gui_open_db -file /home/users15/jms2299/ECE/ECE526L/Experiment 5/Lab5/vcdplus.vpd -design V1}}
gui_set_state_value -category Layout -key child_console_size_x -value 1358
gui_set_state_value -category Layout -key child_console_size_y -value 144
gui_set_state_value -category Layout -key child_data_size_x -value 208
gui_set_state_value -category Layout -key child_data_size_y -value 457
gui_set_state_value -category Layout -key child_hier_col3 -value {-1}
gui_set_state_value -category Layout -key child_hier_colpd -value 0
gui_set_state_value -category Layout -key child_hier_size_x -value 125
gui_set_state_value -category Layout -key child_hier_size_y -value 457
gui_set_state_value -category Layout -key child_schematic_docknewline -value false
gui_set_state_value -category Layout -key child_schematic_pos_x -value {-2}
gui_set_state_value -category Layout -key child_schematic_pos_y -value {-15}
gui_set_state_value -category Layout -key child_schematic_size_x -value 959
gui_set_state_value -category Layout -key child_schematic_size_y -value 308
gui_set_state_value -category Layout -key child_source_docknewline -value false
gui_set_state_value -category Layout -key child_source_pos_x -value {-2}
gui_set_state_value -category Layout -key child_source_pos_y -value {-15}
gui_set_state_value -category Layout -key child_source_size_x -value 1028
gui_set_state_value -category Layout -key child_source_size_y -value 452
gui_set_state_value -category Layout -key child_wave_colname -value 130
gui_set_state_value -category Layout -key child_wave_colvalue -value 110
gui_set_state_value -category Layout -key child_wave_left -value 244
gui_set_state_value -category Layout -key child_wave_right -value 1056
gui_set_state_value -category Layout -key main_pos_x -value 8
gui_set_state_value -category Layout -key main_pos_y -value 31
gui_set_state_value -category Layout -key main_size_x -value 1366
gui_set_state_value -category Layout -key main_size_y -value 731
gui_set_state_value -category Layout -key stand_wave_child_docknewline -value false
gui_set_state_value -category Layout -key stand_wave_child_pos_x -value {-2}
gui_set_state_value -category Layout -key stand_wave_child_pos_y -value {-15}
gui_set_state_value -category Layout -key stand_wave_child_size_x -value 1310
gui_set_state_value -category Layout -key stand_wave_child_size_y -value 583
gui_set_state_value -category Layout -key stand_wave_top_pos_x -value {-119}
gui_set_state_value -category Layout -key stand_wave_top_pos_y -value 159
gui_set_state_value -category Layout -key stand_wave_top_size_x -value 1186
gui_set_state_value -category Layout -key stand_wave_top_size_y -value 846
gui_create_state_key -category FindDialog -key m_pMatchCase -value_type bool -value false
gui_create_state_key -category FindDialog -key m_pMatchWord -value_type bool -value false
gui_create_state_key -category FindDialog -key m_pUseCombo -value_type string -value {}
gui_create_state_key -category FindDialog -key m_pWrapAround -value_type bool -value true
gui_create_state_key -category SearchDialog -key MatchCase -value_type bool -value false
gui_create_state_key -category SearchDialog -key MatchWord -value_type bool -value true
gui_create_state_key -category SearchDialog -key SearchMode -value_type string -value Wildcards
gui_create_state_key -category SearchDialog -key UseCombo -value_type bool -value true
gui_state_default_create -off

# Begin command logging
gui_open_db -file {/home/users15/jms2299/ECE/ECE526L/Experiment 6/Lab6/vcdplus.vpd} -design V1
gui_list_select -id Data.1 -selected  { {tb_6bit_exhaustive.SUM[5:0]}   }
gui_list_select_all -id Data.1
gui_open_window Wave
gui_list_add -id Wave.1 -from Data.1 { {tb_6bit_exhaustive.SUM[5:0]} tb_6bit_exhaustive.C6 {tb_6bit_exhaustive.A[5:0]} {tb_6bit_exhaustive.B[5:0]} tb_6bit_exhaustive.C0 {tb_6bit_exhaustive.i[31:0]} {tb_6bit_exhaustive.j[31:0]} {tb_6bit_exhaustive.count[31:0]} } -insertionbar
gui_wv_zoom_timerange -id  Wave.1 0 315
gui_wv_zoom_timerange -id  Wave.1 3191 5007
gui_wv_zoom_timerange -id  Wave.1 20362 21077
gui_wv_zoom_timerange -id  Wave.1 21352 22068
gui_wv_zoom_timerange -id  Wave.1 22233 23554
gui_wv_zoom_timerange -id  Wave.1 23719 24489
gui_marker_move -id  Wave.1 C1 23798
gui_scroll -window Wave.1 -hrel .2
gui_wv_scrollright -id  Wave.1  line
gui_wv_scrollright -id  Wave.1  line
gui_wv_scrollright -id  Wave.1  line
gui_wv_scrollleft -id  Wave.1  line
gui_wv_scrollleft -id  Wave.1  line
gui_wv_scrollleft -id  Wave.1  line
gui_wv_scrollright -id  Wave.1  line
gui_wv_zoom_timerange -id  Wave.1 23795 24619
gui_wv_zoom_timerange -id  Wave.1 23795 24649
gui_wv_zoom_timerange -id  Wave.1 25119 26009
gui_wv_zoom_timerange -id  Wave.1 47272 50041
gui_wv_zoom_timerange -id  Wave.1 49299 49992
gui_wv_zoom_timerange -id  Wave.1 49003 50140
gui_wv_zoom_timerange -id  Wave.1 49448 49942
gui_close_window -window TopLevel.2
